[32m2025-11-30 23:05:25 +0100[0m - dagster - [34mDEBUG[0m - process_signal_message - 34139498-cac6-46d8-b294-bc03f8403fd6 - 66192 - LOGS_CAPTURED - Started capturing logs in process (pid: 66192).
[32m2025-11-30 23:05:25 +0100[0m - dagster - [34mDEBUG[0m - process_signal_message - 34139498-cac6-46d8-b294-bc03f8403fd6 - 66192 - message_from_signal - STEP_START - Started execution of step "message_from_signal".
[32m2025-11-30 23:05:25 +0100[0m - dagster - [34mINFO[0m - process_signal_message - 34139498-cac6-46d8-b294-bc03f8403fd6 - message_from_signal - 📱 Récupération du message Signal du 2025-11-30T23:04:08.920000...
INFO:tickapp.clients.signal_client:✅ Signal Client initialisé pour +33695071416
DEBUG:tickapp.clients.signal_client:🔧 Commande: signal-cli -a +33695071416 -o json -a +33695071416 receive --max-messages 50 --send-read-receipts
[32m2025-11-30 23:05:43 +0100[0m - dagster - [34mERROR[0m - [31mprocess_signal_message - 34139498-cac6-46d8-b294-bc03f8403fd6 - 66192 - message_from_signal - STEP_FAILURE - Execution of step "message_from_signal" failed.

dagster._core.errors.DagsterExecutionStepExecutionError: Error occurred while executing op "message_from_signal"::

ValueError: Message non trouvé pour timestamp 2025-11-30T23:04:08.920000 (sender_uuid=6aef6f35-7fcd-44c3-a6a4-e4c69f43535c, sender_number=)

Stack Trace:
  File "/opt/anaconda3/envs/tickapp/lib/python3.11/site-packages/dagster/_core/execution/plan/utils.py", line 57, in op_execution_error_boundary
    yield
  File "/opt/anaconda3/envs/tickapp/lib/python3.11/site-packages/dagster/_utils/__init__.py", line 394, in iterate_with_context
    next_output = next(iterator)
                  ^^^^^^^^^^^^^^
  File "/opt/anaconda3/envs/tickapp/lib/python3.11/site-packages/dagster/_core/execution/plan/compute_generator.py", line 135, in _coerce_op_compute_fn_to_iterator
    result = invoke_compute_fn(
             ^^^^^^^^^^^^^^^^^^
  File "/opt/anaconda3/envs/tickapp/lib/python3.11/site-packages/dagster/_core/execution/plan/compute_generator.py", line 115, in invoke_compute_fn
    return fn(context, **args_to_pass) if context_arg_provided else fn(**args_to_pass)
           ^^^^^^^^^^^^^^^^^^^^^^^^^^^
  File "/Users/carmelomileto/Documents/Projects/TickApp/tickapp/assets/message_pipeline.py", line 255, in message_from_signal
    raise ValueError(
[0m
[32m2025-11-30 23:05:43 +0100[0m - dagster - [34mDEBUG[0m - process_signal_message - 34139498-cac6-46d8-b294-bc03f8403fd6 - message_from_signal - HOOK_SKIPPED - Skipped the execution of hook "notify_signal_success". It did not meet its triggering condition during the execution of "message_from_signal".
INFO:tickapp.clients.signal_client:✅ Signal Client initialisé pour +33695071416
[32m2025-11-30 23:05:45 +0100[0m - dagster - [34mWARNING[0m - process_signal_message - 34139498-cac6-46d8-b294-bc03f8403fd6 - message_from_signal - ⚠️  Erreur lors de l'envoi de notification Signal: 'SignalClient' object has no attribute 'find_group_by_name'
[32m2025-11-30 23:05:45 +0100[0m - dagster - [34mDEBUG[0m - process_signal_message - 34139498-cac6-46d8-b294-bc03f8403fd6 - message_from_signal - HOOK_COMPLETED - Finished the execution of hook "notify_signal_failure" triggered for "message_from_signal".
