[32m2025-11-30 22:58:21 +0100[0m - dagster - [34mDEBUG[0m - __ASSET_JOB - 537146e8-30e4-413e-bb4c-6b4b0a8613e4 - 59245 - LOGS_CAPTURED - Started capturing logs in process (pid: 59245).
[32m2025-11-30 22:58:21 +0100[0m - dagster - [34mDEBUG[0m - __ASSET_JOB - 537146e8-30e4-413e-bb4c-6b4b0a8613e4 - 59245 - message_from_signal - STEP_START - Started execution of step "message_from_signal".
[32m2025-11-30 22:58:21 +0100[0m - dagster - [34mERROR[0m - [31m__ASSET_JOB - 537146e8-30e4-413e-bb4c-6b4b0a8613e4 - 59245 - message_from_signal - STEP_FAILURE - Execution of step "message_from_signal" failed.

dagster._core.errors.DagsterExecutionStepExecutionError: Error occurred while executing op "message_from_signal"::

ValueError: message_timestamp manquant dans les tags du run. Assurez-vous que le sensor passe 'message_timestamp' dans les tags.

Stack Trace:
  File "/opt/anaconda3/envs/tickapp/lib/python3.11/site-packages/dagster/_core/execution/plan/utils.py", line 57, in op_execution_error_boundary
    yield
  File "/opt/anaconda3/envs/tickapp/lib/python3.11/site-packages/dagster/_utils/__init__.py", line 394, in iterate_with_context
    next_output = next(iterator)
                  ^^^^^^^^^^^^^^
  File "/opt/anaconda3/envs/tickapp/lib/python3.11/site-packages/dagster/_core/execution/plan/compute_generator.py", line 135, in _coerce_op_compute_fn_to_iterator
    result = invoke_compute_fn(
             ^^^^^^^^^^^^^^^^^^
  File "/opt/anaconda3/envs/tickapp/lib/python3.11/site-packages/dagster/_core/execution/plan/compute_generator.py", line 115, in invoke_compute_fn
    return fn(context, **args_to_pass) if context_arg_provided else fn(**args_to_pass)
           ^^^^^^^^^^^^^^^^^^^^^^^^^^^
  File "/Users/carmelomileto/Documents/Projects/TickApp/tickapp/assets/message_pipeline.py", line 188, in message_from_signal
    raise ValueError(
[0m
INFO:tickapp.clients.signal_client:✅ Signal Client initialisé pour +33695071416
[32m2025-11-30 22:58:23 +0100[0m - dagster - [34mWARNING[0m - __ASSET_JOB - 537146e8-30e4-413e-bb4c-6b4b0a8613e4 - message_from_signal - ⚠️  Erreur lors de l'envoi de notification Signal: 'SignalClient' object has no attribute 'find_group_by_name'
[32m2025-11-30 22:58:23 +0100[0m - dagster - [34mDEBUG[0m - __ASSET_JOB - 537146e8-30e4-413e-bb4c-6b4b0a8613e4 - message_from_signal - HOOK_COMPLETED - Finished the execution of hook "notify_signal_failure" triggered for "message_from_signal".
